-------------------------------------------------------------------------------
Test set: TestRunner.TestRunner
-------------------------------------------------------------------------------
Tests run: 9, Failures: 8, Errors: 0, Skipped: 0, Time elapsed: 83.137 s <<< FAILURE! - in TestRunner.TestRunner
Unsuccessful login with Username and Password unregistered in the database(Login Feature)  Time elapsed: 7.311 s  <<< FAILURE!
org.junit.ComparisonFailure: expected:<...user in this service[!]> but was:<...user in this service[]>

Unsuccessful login with password and username is empty(Login Feature)  Time elapsed: 6.88 s  <<< FAILURE!
org.junit.ComparisonFailure: expected:<Epic sadface: [You need Username & Password!]> but was:<Epic sadface: [Username is required]>

Unsuccessful login with password is registered in the database but the username is empty(Login Feature)  Time elapsed: 9.469 s  <<< FAILURE!
org.junit.ComparisonFailure: expected:<Epic sadface: [You need Username!]> but was:<Epic sadface: [Username is required]>

Unsuccessful login with username is registered in the database but the password not registered in the database(Login Feature)  Time elapsed: 8.633 s  <<< FAILURE!
org.junit.ComparisonFailure: expected:<Epic sadface: [You need Password!]> but was:<Epic sadface: [Username and password do not match any user in this service]>

Unsuccesfull login with username is registered in the database but the password is empty(Login Feature)  Time elapsed: 6.559 s  <<< FAILURE!
org.junit.ComparisonFailure: expected:<Epic sadface: [You need Password!]> but was:<Epic sadface: [Password is required]>

Unsuccesfull login with password is registered in the database but the username not registered in the database(Login Feature)  Time elapsed: 5.879 s  <<< FAILURE!
org.junit.ComparisonFailure: expected:<...c sadface: Username [ and password do not match any User in  this service!]> but was:<...c sadface: Username [and password do not match any user in this service]>

Unsuccesfull login with username is not registered in the database but the password is empty(Login Feature)  Time elapsed: 8.615 s  <<< FAILURE!
org.junit.ComparisonFailure: expected:<Epic sadface: [You need Username & Password!]> but was:<Epic sadface: [Password is required]>

Unsuccessful login with password not registered in the database and the username is empty(Login Feature)  Time elapsed: 8.885 s  <<< FAILURE!
org.junit.ComparisonFailure: expected:<Epic sadface: [You need Username & Password!]> but was:<Epic sadface: [Username is required]>

