<?xml version="1.0" encoding="UTF-8"?>
<testsuite xmlns:xsi="http://www.w3.org/2001/XMLSchema-instance" xsi:noNamespaceSchemaLocation="https://maven.apache.org/surefire/maven-surefire-plugin/xsd/surefire-test-report.xsd" name="TestRunner.TestRunner" time="17.344" tests="5" errors="0" skipped="0" failures="5">
  <properties>
[...]
</properties>
  <testcase name="Unsuccessful login with password is registered in the database but the username is empty" classname="Login Feature" time="5.568">
    <failure message="expected:&lt;Epic sadface: [You need Username!]&gt; but was:&lt;Epic sadface: [Username is required]&gt;" type="org.junit.ComparisonFailure"><![CDATA[org.junit.ComparisonFailure: expected:<Epic sadface: [You need Username!]> but was:<Epic sadface: [Username is required]>
]]></failure>
    <system-out><![CDATA[
Scenario: Unsuccessful login with password is registered in the database but the username is empty &amp#27;[90m# src/test/resources/features/Login.feature:5&amp#27;[0m
  &amp#27;[32mGiven &amp#27;[0m&amp#27;[32mI have opened the application in the browser&amp#27;[0m                                               &amp#27;[90m# stepDefinitions.LoginTest.I_have_opened_the_application_in_the_browser()&amp#27;[0m
  &amp#27;[32mAnd &amp#27;[0m&amp#27;[32mI have been navigated to the login page&amp#27;[0m                                                      &amp#27;[90m# stepDefinitions.LoginTest.I_have_been_navigated_to_the_login_page()&amp#27;[0m
  &amp#27;[32mWhen &amp#27;[0m&amp#27;[32mI enter username &amp#27;[0m&amp#27;[32m&amp#27;[1m""&amp#27;[0m&amp#27;[32m and password &amp#27;[0m&amp#27;[32m&amp#27;[1m"secret_sauce"&amp#27;[0m                                             &amp#27;[90m# stepDefinitions.LoginTest.I_enter_username_and_password(java.lang.String,java.lang.String)&amp#27;[0m
  &amp#27;[32mAnd &amp#27;[0m&amp#27;[32mI click the login button&amp#27;[0m                                                                     &amp#27;[90m# stepDefinitions.LoginTest.I_click_the_login_button()&amp#27;[0m
  &amp#27;[31mThen &amp#27;[0m&amp#27;[31mI should see the message &amp#27;[0m&amp#27;[31m&amp#27;[1m"You need Username!"&amp#27;[0m&amp#27;[31m on the login form&amp#27;[0m                             &amp#27;[90m# stepDefinitions.LoginTest.I_should_see_the_message_on_the_login_form(java.lang.String)&amp#27;[0m
      &amp#27;[31morg.junit.ComparisonFailure: expected:<Epic sadface: [You need Username!]> but was:<Epic sadface: [Username is required]>
	at org.junit.Assert.assertEquals(Assert.java:115)
	at org.junit.Assert.assertEquals(Assert.java:144)
	at stepDefinitions.LoginTest.I_should_see_the_message_on_the_login_form(LoginTest.java:41)
	at âœ½.I should see the message "You need Username!" on the login form(file:///E:/Semester%206/Pengujian%20PL/Praktek/TugasAtomationTesting/AutomationWebTesting/src/test/resources/features/Login.feature:10)
&amp#27;[0m
]]></system-out>
    <system-err><![CDATA[Starting ChromeDriver 124.0.6367.201 (46cf136d27d50afd9c618d164a3b95b3b62d0027-refs/branch-heads/6367@{#1130}) on port 53284
Only local connections are allowed.
Please see https://chromedriver.chromium.org/security-considerations for suggestions on keeping ChromeDriver safe.
ChromeDriver was started successfully.
May 14, 2024 10:08:03 AM org.openqa.selenium.remote.ProtocolHandshake createSession
INFO: Detected dialect: W3C
]]></system-err>
  </testcase>
  <testcase name="Unsuccessful login with username is registered in the database but the password not registered in the database" classname="Login Feature" time="3.012">
    <failure message="expected:&lt;Epic sadface: [You need Password!]&gt; but was:&lt;Epic sadface: [Username and password do not match any user in this service]&gt;" type="org.junit.ComparisonFailure"><![CDATA[org.junit.ComparisonFailure: expected:<Epic sadface: [You need Password!]> but was:<Epic sadface: [Username and password do not match any user in this service]>
]]></failure>
    <system-out><![CDATA[
Scenario: Unsuccessful login with username is registered in the database but the password not registered in the database &amp#27;[90m# src/test/resources/features/Login.feature:12&amp#27;[0m
  &amp#27;[32mGiven &amp#27;[0m&amp#27;[32mI have opened the application in the browser&amp#27;[0m                                                                     &amp#27;[90m# stepDefinitions.LoginTest.I_have_opened_the_application_in_the_browser()&amp#27;[0m
  &amp#27;[32mAnd &amp#27;[0m&amp#27;[32mI have been navigated to the login page&amp#27;[0m                                                                            &amp#27;[90m# stepDefinitions.LoginTest.I_have_been_navigated_to_the_login_page()&amp#27;[0m
  &amp#27;[32mWhen &amp#27;[0m&amp#27;[32mI enter username &amp#27;[0m&amp#27;[32m&amp#27;[1m"standard_user"&amp#27;[0m&amp#27;[32m and password &amp#27;[0m&amp#27;[32m&amp#27;[1m"secretsauce"&amp#27;[0m                                                       &amp#27;[90m# stepDefinitions.LoginTest.I_enter_username_and_password(java.lang.String,java.lang.String)&amp#27;[0m
  &amp#27;[32mAnd &amp#27;[0m&amp#27;[32mI click the login button&amp#27;[0m                                                                                           &amp#27;[90m# stepDefinitions.LoginTest.I_click_the_login_button()&amp#27;[0m
  &amp#27;[31mThen &amp#27;[0m&amp#27;[31mI should see the message &amp#27;[0m&amp#27;[31m&amp#27;[1m"You need Password!"&amp#27;[0m&amp#27;[31m on the login form&amp#27;[0m                                                   &amp#27;[90m# stepDefinitions.LoginTest.I_should_see_the_message_on_the_login_form(java.lang.String)&amp#27;[0m
      &amp#27;[31morg.junit.ComparisonFailure: expected:<Epic sadface: [You need Password!]> but was:<Epic sadface: [Username and password do not match any user in this service]>
	at org.junit.Assert.assertEquals(Assert.java:115)
	at org.junit.Assert.assertEquals(Assert.java:144)
	at stepDefinitions.LoginTest.I_should_see_the_message_on_the_login_form(LoginTest.java:41)
	at âœ½.I should see the message "You need Password!" on the login form(file:///E:/Semester%206/Pengujian%20PL/Praktek/TugasAtomationTesting/AutomationWebTesting/src/test/resources/features/Login.feature:17)
&amp#27;[0m
]]></system-out>
    <system-err><![CDATA[Starting ChromeDriver 124.0.6367.201 (46cf136d27d50afd9c618d164a3b95b3b62d0027-refs/branch-heads/6367@{#1130}) on port 42865
Only local connections are allowed.
Please see https://chromedriver.chromium.org/security-considerations for suggestions on keeping ChromeDriver safe.
ChromeDriver was started successfully.
May 14, 2024 10:08:07 AM org.openqa.selenium.remote.ProtocolHandshake createSession
INFO: Detected dialect: W3C
]]></system-err>
  </testcase>
  <testcase name="Unsuccesfull login with username is registered in the database but the password is empty" classname="Login Feature" time="2.67">
    <failure message="expected:&lt;Epic sadface: [You need Password!]&gt; but was:&lt;Epic sadface: [Password is required]&gt;" type="org.junit.ComparisonFailure"><![CDATA[org.junit.ComparisonFailure: expected:<Epic sadface: [You need Password!]> but was:<Epic sadface: [Password is required]>
]]></failure>
    <system-out><![CDATA[
Scenario: Unsuccesfull login with username is registered in the database but the password is empty &amp#27;[90m# src/test/resources/features/Login.feature:19&amp#27;[0m
  &amp#27;[32mGiven &amp#27;[0m&amp#27;[32mI have opened the application in the browser&amp#27;[0m                                               &amp#27;[90m# stepDefinitions.LoginTest.I_have_opened_the_application_in_the_browser()&amp#27;[0m
  &amp#27;[32mAnd &amp#27;[0m&amp#27;[32mI have been navigated to the login page&amp#27;[0m                                                      &amp#27;[90m# stepDefinitions.LoginTest.I_have_been_navigated_to_the_login_page()&amp#27;[0m
  &amp#27;[32mWhen &amp#27;[0m&amp#27;[32mI enter username &amp#27;[0m&amp#27;[32m&amp#27;[1m"standard_user"&amp#27;[0m&amp#27;[32m and password &amp#27;[0m&amp#27;[32m&amp#27;[1m""&amp#27;[0m                                            &amp#27;[90m# stepDefinitions.LoginTest.I_enter_username_and_password(java.lang.String,java.lang.String)&amp#27;[0m
  &amp#27;[32mAnd &amp#27;[0m&amp#27;[32mI click the login button&amp#27;[0m                                                                     &amp#27;[90m# stepDefinitions.LoginTest.I_click_the_login_button()&amp#27;[0m
  &amp#27;[31mThen &amp#27;[0m&amp#27;[31mI should see the message &amp#27;[0m&amp#27;[31m&amp#27;[1m"You need Password!"&amp#27;[0m&amp#27;[31m on the login form&amp#27;[0m                             &amp#27;[90m# stepDefinitions.LoginTest.I_should_see_the_message_on_the_login_form(java.lang.String)&amp#27;[0m
      &amp#27;[31morg.junit.ComparisonFailure: expected:<Epic sadface: [You need Password!]> but was:<Epic sadface: [Password is required]>
	at org.junit.Assert.assertEquals(Assert.java:115)
	at org.junit.Assert.assertEquals(Assert.java:144)
	at stepDefinitions.LoginTest.I_should_see_the_message_on_the_login_form(LoginTest.java:41)
	at âœ½.I should see the message "You need Password!" on the login form(file:///E:/Semester%206/Pengujian%20PL/Praktek/TugasAtomationTesting/AutomationWebTesting/src/test/resources/features/Login.feature:24)
&amp#27;[0m
]]></system-out>
    <system-err><![CDATA[Starting ChromeDriver 124.0.6367.201 (46cf136d27d50afd9c618d164a3b95b3b62d0027-refs/branch-heads/6367@{#1130}) on port 31706
Only local connections are allowed.
Please see https://chromedriver.chromium.org/security-considerations for suggestions on keeping ChromeDriver safe.
ChromeDriver was started successfully.
May 14, 2024 10:08:10 AM org.openqa.selenium.remote.ProtocolHandshake createSession
INFO: Detected dialect: W3C
]]></system-err>
  </testcase>
  <testcase name="Unsuccesfull login with password is registered in the database but the username not registered in the database" classname="Login Feature" time="2.728">
    <failure message="expected:&lt;...c sadface: Username [ and password do not match any User in  this service!]&gt; but was:&lt;...c sadface: Username [and password do not match any user in this service]&gt;" type="org.junit.ComparisonFailure"><![CDATA[org.junit.ComparisonFailure: expected:<...c sadface: Username [ and password do not match any User in  this service!]> but was:<...c sadface: Username [and password do not match any user in this service]>
]]></failure>
    <system-out><![CDATA[
Scenario: Unsuccesfull login with password is registered in the database but the username not registered in the database &amp#27;[90m# src/test/resources/features/Login.feature:26&amp#27;[0m
  &amp#27;[32mGiven &amp#27;[0m&amp#27;[32mI have opened the application in the browser&amp#27;[0m                                                                     &amp#27;[90m# stepDefinitions.LoginTest.I_have_opened_the_application_in_the_browser()&amp#27;[0m
  &amp#27;[32mAnd &amp#27;[0m&amp#27;[32mI have been navigated to the login page&amp#27;[0m                                                                            &amp#27;[90m# stepDefinitions.LoginTest.I_have_been_navigated_to_the_login_page()&amp#27;[0m
  &amp#27;[32mWhen &amp#27;[0m&amp#27;[32mI enter username &amp#27;[0m&amp#27;[32m&amp#27;[1m"secret_sauce"&amp#27;[0m&amp#27;[32m and password &amp#27;[0m&amp#27;[32m&amp#27;[1m"secret_sauce"&amp#27;[0m                                                       &amp#27;[90m# stepDefinitions.LoginTest.I_enter_username_and_password(java.lang.String,java.lang.String)&amp#27;[0m
  &amp#27;[32mAnd &amp#27;[0m&amp#27;[32mI click the login button&amp#27;[0m                                                                                           &amp#27;[90m# stepDefinitions.LoginTest.I_click_the_login_button()&amp#27;[0m
  &amp#27;[31mThen &amp#27;[0m&amp#27;[31mI should see the message &amp#27;[0m&amp#27;[31m&amp#27;[1m"Username  and password do not match any User in  this service!"&amp#27;[0m&amp#27;[31m on the login form&amp#27;[0m       &amp#27;[90m# stepDefinitions.LoginTest.I_should_see_the_message_on_the_login_form(java.lang.String)&amp#27;[0m
      &amp#27;[31morg.junit.ComparisonFailure: expected:<...c sadface: Username [ and password do not match any User in  this service!]> but was:<...c sadface: Username [and password do not match any user in this service]>
	at org.junit.Assert.assertEquals(Assert.java:115)
	at org.junit.Assert.assertEquals(Assert.java:144)
	at stepDefinitions.LoginTest.I_should_see_the_message_on_the_login_form(LoginTest.java:41)
	at âœ½.I should see the message "Username  and password do not match any User in  this service!" on the login form(file:///E:/Semester%206/Pengujian%20PL/Praktek/TugasAtomationTesting/AutomationWebTesting/src/test/resources/features/Login.feature:31)
&amp#27;[0m
]]></system-out>
    <system-err><![CDATA[Starting ChromeDriver 124.0.6367.201 (46cf136d27d50afd9c618d164a3b95b3b62d0027-refs/branch-heads/6367@{#1130}) on port 42271
Only local connections are allowed.
Please see https://chromedriver.chromium.org/security-considerations for suggestions on keeping ChromeDriver safe.
ChromeDriver was started successfully.
May 14, 2024 10:08:13 AM org.openqa.selenium.remote.ProtocolHandshake createSession
INFO: Detected dialect: W3C
]]></system-err>
  </testcase>
  <testcase name="Unsuccesfull login with username is not registered in the database but the password is empty" classname="Login Feature" time="2.52">
    <failure message="expected:&lt;Epic sadface: [You need Username &amp; Password!]&gt; but was:&lt;Epic sadface: [Password is required]&gt;" type="org.junit.ComparisonFailure"><![CDATA[org.junit.ComparisonFailure: expected:<Epic sadface: [You need Username & Password!]> but was:<Epic sadface: [Password is required]>
]]></failure>
    <system-out><![CDATA[
Scenario: Unsuccesfull login with username is not registered in the database but the password is empty &amp#27;[90m# src/test/resources/features/Login.feature:33&amp#27;[0m
  &amp#27;[32mGiven &amp#27;[0m&amp#27;[32mI have opened the application in the browser&amp#27;[0m                                                   &amp#27;[90m# stepDefinitions.LoginTest.I_have_opened_the_application_in_the_browser()&amp#27;[0m
  &amp#27;[32mAnd &amp#27;[0m&amp#27;[32mI have been navigated to the login page&amp#27;[0m                                                          &amp#27;[90m# stepDefinitions.LoginTest.I_have_been_navigated_to_the_login_page()&amp#27;[0m
  &amp#27;[32mWhen &amp#27;[0m&amp#27;[32mI enter username &amp#27;[0m&amp#27;[32m&amp#27;[1m"standarduser"&amp#27;[0m&amp#27;[32m and password &amp#27;[0m&amp#27;[32m&amp#27;[1m""&amp#27;[0m                                                 &amp#27;[90m# stepDefinitions.LoginTest.I_enter_username_and_password(java.lang.String,java.lang.String)&amp#27;[0m
  &amp#27;[32mAnd &amp#27;[0m&amp#27;[32mI click the login button&amp#27;[0m                                                                         &amp#27;[90m# stepDefinitions.LoginTest.I_click_the_login_button()&amp#27;[0m
  &amp#27;[31mThen &amp#27;[0m&amp#27;[31mI should see the message &amp#27;[0m&amp#27;[31m&amp#27;[1m"You need Username & Password!"&amp#27;[0m&amp#27;[31m on the login form&amp#27;[0m                      &amp#27;[90m# stepDefinitions.LoginTest.I_should_see_the_message_on_the_login_form(java.lang.String)&amp#27;[0m
      &amp#27;[31morg.junit.ComparisonFailure: expected:<Epic sadface: [You need Username & Password!]> but was:<Epic sadface: [Password is required]>
	at org.junit.Assert.assertEquals(Assert.java:115)
	at org.junit.Assert.assertEquals(Assert.java:144)
	at stepDefinitions.LoginTest.I_should_see_the_message_on_the_login_form(LoginTest.java:41)
	at âœ½.I should see the message "You need Username & Password!" on the login form(file:///E:/Semester%206/Pengujian%20PL/Praktek/TugasAtomationTesting/AutomationWebTesting/src/test/resources/features/Login.feature:38)
&amp#27;[0m
]]></system-out>
    <system-err><![CDATA[Starting ChromeDriver 124.0.6367.201 (46cf136d27d50afd9c618d164a3b95b3b62d0027-refs/branch-heads/6367@{#1130}) on port 64875
Only local connections are allowed.
Please see https://chromedriver.chromium.org/security-considerations for suggestions on keeping ChromeDriver safe.
ChromeDriver was started successfully.
May 14, 2024 10:08:16 AM org.openqa.selenium.remote.ProtocolHandshake createSession
INFO: Detected dialect: W3C
]]></system-err>
  </testcase>
</testsuite>